g:\visual studio\repos\geometry\geometry\x64\debug\vc143.pdb
g:\visual studio\repos\geometry\geometry\x64\debug\vc143.idb
g:\visual studio\repos\geometrydll\geometry\geometry\x64\debug\geometry.pch
g:\visual studio\repos\geometrydll\geometry\geometry\x64\debug\vc143.pdb
g:\visual studio\repos\geometrydll\geometry\geometry\x64\debug\vc143.idb
g:\visual studio\repos\geometrydll\geometry\geometry\x64\debug\pch.obj
g:\visual studio\repos\geometrydll\geometry\geometry\x64\debug\dllmain.obj
g:\visual studio\repos\geometrydll\geometry\x64\debug\geometry.lib
g:\visual studio\repos\geometrydll\geometry\x64\debug\geometry.exp
g:\visual studio\repos\geometrydll\geometry\x64\debug\geometry.dll
g:\visual studio\repos\geometrydll\geometry\geometry\x64\debug\geometry.ilk
g:\visual studio\repos\geometrydll\geometry\x64\debug\geometry.pdb
g:\visual studio\repos\geometrydll\geometry\geometry\x64\debug\curves.obj
g:\visual studio\repos\geometrydll\geometry\geometry\x64\debug\geometry.tlog\cl.command.1.tlog
g:\visual studio\repos\geometrydll\geometry\geometry\x64\debug\geometry.tlog\cl.read.1.tlog
g:\visual studio\repos\geometrydll\geometry\geometry\x64\debug\geometry.tlog\cl.write.1.tlog
g:\visual studio\repos\geometrydll\geometry\geometry\x64\debug\geometry.tlog\geometry.write.1u.tlog
g:\visual studio\repos\geometrydll\geometry\geometry\x64\debug\geometry.tlog\link.command.1.tlog
g:\visual studio\repos\geometrydll\geometry\geometry\x64\debug\geometry.tlog\link.read.1.tlog
g:\visual studio\repos\geometrydll\geometry\geometry\x64\debug\geometry.tlog\link.write.1.tlog
